<?xml version="1.0" encoding="UTF-8"?>
<testng-results ignored="0" total="1" passed="1" failed="0" skipped="0">
  <reporter-output>
  </reporter-output>
  <suite started-at="2022-01-16T11:49:45 IST" name="Default suite" finished-at="2022-01-16T11:50:11 IST" duration-ms="25743">
    <groups>
      <group name="cucumber">
        <method signature="AbstractTestNGCucumberTests.runScenario(io.cucumber.testng.PickleWrapper,io.cucumber.testng.FeatureWrapper)[pri:0, instance:runner.RunnerClass@21be3395]" name="runScenario" class="io.cucumber.testng.AbstractTestNGCucumberTests"/>
      </group> <!-- cucumber -->
    </groups>
    <test started-at="2022-01-16T11:49:45 IST" name="Default test" finished-at="2022-01-16T11:50:11 IST" duration-ms="25743">
      <class name="runner.RunnerClass">
        <test-method is-config="true" signature="setUpClass()[pri:0, instance:runner.RunnerClass@21be3395]" started-at="2022-01-16T11:49:46 IST" name="setUpClass" finished-at="2022-01-16T11:49:46 IST" duration-ms="770" status="PASS">
          <reporter-output>
          </reporter-output>
        </test-method> <!-- setUpClass -->
        <test-method signature="runScenario(io.cucumber.testng.PickleWrapper,io.cucumber.testng.FeatureWrapper)[pri:0, instance:runner.RunnerClass@21be3395]" started-at="2022-01-16T11:49:46 IST" name="runScenario" description="Runs Cucumber Scenarios" data-provider="scenarios" finished-at="2022-01-16T11:50:11 IST" duration-ms="24802" status="PASS">
          <params>
            <param index="0">
              <value>
                <![CDATA["Open Google Website and Search"]]>
              </value>
            </param>
            <param index="1">
              <value>
                <![CDATA["Optional[Open google.com feature]"]]>
              </value>
            </param>
          </params>
          <reporter-output>
          </reporter-output>
        </test-method> <!-- runScenario -->
        <test-method is-config="true" signature="tearDownClass()[pri:0, instance:runner.RunnerClass@21be3395]" started-at="2022-01-16T11:50:11 IST" name="tearDownClass" finished-at="2022-01-16T11:50:11 IST" duration-ms="55" status="PASS">
          <reporter-output>
          </reporter-output>
        </test-method> <!-- tearDownClass -->
      </class> <!-- runner.RunnerClass -->
    </test> <!-- Default test -->
  </suite> <!-- Default suite -->
</testng-results>
